This is pdfTeX, Version 3.1415926-2.5-1.40.14 (MiKTeX 2.9) (preloaded format=pdflatex 2015.1.22)  30 APR 2015 05:35
entering extended mode
**index.tex
("D:\_Hoc tap_PUF\Subjects\M2\SRP_Study and research Project\Report\index.tex"
LaTeX2e <2011/06/27>
Babel <v3.8m> and hyphenation patterns for english, afrikaans, ancientgreek, ar
abic, armenian, assamese, basque, bengali, bokmal, bulgarian, catalan, coptic, 
croatian, czech, danish, dutch, esperanto, estonian, farsi, finnish, french, ga
lician, german, german-x-2013-05-26, greek, gujarati, hindi, hungarian, iceland
ic, indonesian, interlingua, irish, italian, kannada, kurmanji, latin, latvian,
 lithuanian, malayalam, marathi, mongolian, mongolianlmc, monogreek, ngerman, n
german-x-2013-05-26, nynorsk, oriya, panjabi, pinyin, polish, portuguese, roman
ian, russian, sanskrit, serbian, slovak, slovenian, spanish, swedish, swissgerm
an, tamil, telugu, turkish, turkmen, ukenglish, ukrainian, uppersorbian, usengl
ishmax, welsh, loaded.
("C:\Program Files\MiKTeX 2.9\tex\latex\base\article.cls"
Document Class: article 2007/10/19 v1.4h Standard LaTeX document class
("C:\Program Files\MiKTeX 2.9\tex\latex\base\size10.clo"
File: size10.clo 2007/10/19 v1.4h Standard LaTeX file (size option)
)
\c@part=\count79
\c@section=\count80
\c@subsection=\count81
\c@subsubsection=\count82
\c@paragraph=\count83
\c@subparagraph=\count84
\c@figure=\count85
\c@table=\count86
\abovecaptionskip=\skip41
\belowcaptionskip=\skip42
\bibindent=\dimen102
)
("C:\Program Files\MiKTeX 2.9\tex\latex\geometry\geometry.sty"
Package: geometry 2010/09/12 v5.6 Page Geometry

("C:\Program Files\MiKTeX 2.9\tex\latex\graphics\keyval.sty"
Package: keyval 1999/03/16 v1.13 key=value parser (DPC)
\KV@toks@=\toks14
)
("C:\Program Files\MiKTeX 2.9\tex\generic\oberdiek\ifpdf.sty"
Package: ifpdf 2011/01/30 v2.3 Provides the ifpdf switch (HO)
Package ifpdf Info: pdfTeX in PDF mode is detected.
)
("C:\Program Files\MiKTeX 2.9\tex\generic\oberdiek\ifvtex.sty"
Package: ifvtex 2010/03/01 v1.5 Detect VTeX and its facilities (HO)
Package ifvtex Info: VTeX not detected.
)
("C:\Program Files\MiKTeX 2.9\tex\generic\ifxetex\ifxetex.sty"
Package: ifxetex 2010/09/12 v0.6 Provides ifxetex conditional
)
\Gm@cnth=\count87
\Gm@cntv=\count88
\c@Gm@tempcnt=\count89
\Gm@bindingoffset=\dimen103
\Gm@wd@mp=\dimen104
\Gm@odd@mp=\dimen105
\Gm@even@mp=\dimen106
\Gm@layoutwidth=\dimen107
\Gm@layoutheight=\dimen108
\Gm@layouthoffset=\dimen109
\Gm@layoutvoffset=\dimen110
\Gm@dimlist=\toks15

("C:\Program Files\MiKTeX 2.9\tex\latex\geometry\geometry.cfg"))
("C:\Program Files\MiKTeX 2.9\tex\latex\amsmath\amsmath.sty"
Package: amsmath 2013/01/14 v2.14 AMS math features
\@mathmargin=\skip43

For additional information on amsmath, use the `?' option.
("C:\Program Files\MiKTeX 2.9\tex\latex\amsmath\amstext.sty"
Package: amstext 2000/06/29 v2.01

("C:\Program Files\MiKTeX 2.9\tex\latex\amsmath\amsgen.sty"
File: amsgen.sty 1999/11/30 v2.0
\@emptytoks=\toks16
\ex@=\dimen111
))
("C:\Program Files\MiKTeX 2.9\tex\latex\amsmath\amsbsy.sty"
Package: amsbsy 1999/11/29 v1.2d
\pmbraise@=\dimen112
)
("C:\Program Files\MiKTeX 2.9\tex\latex\amsmath\amsopn.sty"
Package: amsopn 1999/12/14 v2.01 operator names
)
\inf@bad=\count90
LaTeX Info: Redefining \frac on input line 210.
\uproot@=\count91
\leftroot@=\count92
LaTeX Info: Redefining \overline on input line 306.
\classnum@=\count93
\DOTSCASE@=\count94
LaTeX Info: Redefining \ldots on input line 378.
LaTeX Info: Redefining \dots on input line 381.
LaTeX Info: Redefining \cdots on input line 466.
\Mathstrutbox@=\box26
\strutbox@=\box27
\big@size=\dimen113
LaTeX Font Info:    Redeclaring font encoding OML on input line 566.
LaTeX Font Info:    Redeclaring font encoding OMS on input line 567.
\macc@depth=\count95
\c@MaxMatrixCols=\count96
\dotsspace@=\muskip10
\c@parentequation=\count97
\dspbrk@lvl=\count98
\tag@help=\toks17
\row@=\count99
\column@=\count100
\maxfields@=\count101
\andhelp@=\toks18
\eqnshift@=\dimen114
\alignsep@=\dimen115
\tagshift@=\dimen116
\tagwidth@=\dimen117
\totwidth@=\dimen118
\lineht@=\dimen119
\@envbody=\toks19
\multlinegap=\skip44
\multlinetaggap=\skip45
\mathdisplay@stack=\toks20
LaTeX Info: Redefining \[ on input line 2665.
LaTeX Info: Redefining \] on input line 2666.
)
("C:\Program Files\MiKTeX 2.9\tex\latex\subfig\subfig.sty"
Package: subfig 2005/06/28 ver: 1.3 subfig package

("C:\Program Files\MiKTeX 2.9\tex\latex\caption\caption.sty"
Package: caption 2013/05/02 v3.3-89 Customizing captions (AR)

("C:\Program Files\MiKTeX 2.9\tex\latex\caption\caption3.sty"
Package: caption3 2013/05/02 v1.6-88 caption3 kernel (AR)
Package caption3 Info: TeX engine: e-TeX on input line 57.
\captionmargin=\dimen120
\captionmargin@=\dimen121
\captionwidth=\dimen122
\caption@tempdima=\dimen123
\caption@indent=\dimen124
\caption@parindent=\dimen125
\caption@hangindent=\dimen126
)
\c@ContinuedFloat=\count102
)
\c@KVtest=\count103
\sf@farskip=\skip46
\sf@captopadj=\dimen127
\sf@capskip=\skip47
\sf@nearskip=\skip48
\c@subfigure=\count104
\c@subfigure@save=\count105
\c@lofdepth=\count106
\c@subtable=\count107
\c@subtable@save=\count108
\c@lotdepth=\count109
\sf@top=\skip49
\sf@bottom=\skip50
)
("C:\Program Files\MiKTeX 2.9\tex\latex\graphics\graphicx.sty"
Package: graphicx 1999/02/16 v1.0f Enhanced LaTeX Graphics (DPC,SPQR)

("C:\Program Files\MiKTeX 2.9\tex\latex\graphics\graphics.sty"
Package: graphics 2009/02/05 v1.0o Standard LaTeX Graphics (DPC,SPQR)

("C:\Program Files\MiKTeX 2.9\tex\latex\graphics\trig.sty"
Package: trig 1999/03/16 v1.09 sin cos tan (DPC)
)
("C:\Program Files\MiKTeX 2.9\tex\latex\00miktex\graphics.cfg"
File: graphics.cfg 2007/01/18 v1.5 graphics configuration of teTeX/TeXLive
)
Package graphics Info: Driver file: pdftex.def on input line 91.

("C:\Program Files\MiKTeX 2.9\tex\latex\pdftex-def\pdftex.def"
File: pdftex.def 2011/05/27 v0.06d Graphics/color for pdfTeX

("C:\Program Files\MiKTeX 2.9\tex\generic\oberdiek\infwarerr.sty"
Package: infwarerr 2010/04/08 v1.3 Providing info/warning/error messages (HO)
)
("C:\Program Files\MiKTeX 2.9\tex\generic\oberdiek\ltxcmds.sty"
Package: ltxcmds 2011/11/09 v1.22 LaTeX kernel commands for general use (HO)
)
\Gread@gobject=\count110
))
\Gin@req@height=\dimen128
\Gin@req@width=\dimen129
)
("C:\Program Files\MiKTeX 2.9\tex\latex\algorithm2e\algorithm2e.sty"
Package: algorithm2e 2013/01/06 v5.00 algorithms environments
\c@AlgoLine=\count111

("C:\Program Files\MiKTeX 2.9\tex\latex\base\ifthen.sty"
Package: ifthen 2001/05/26 v1.1c Standard LaTeX ifthen package (DPC)
)
("C:\Program Files\MiKTeX 2.9\tex\latex\tools\xspace.sty"
Package: xspace 2009/10/20 v1.13 Space after command names (DPC,MH)
)
("C:\Program Files\MiKTeX 2.9\tex\latex\ltxmisc\relsize.sty"
Package: relsize 2003/07/04 ver 3.1
)
********************************************************
Package `algorithm2e' Release 5.0 -- january 06 2013 --
- algorithm2e-announce@lirmm.fr mailing list for announcement about releases
- algorithm2e-discussion@lirmm.fr mailing list for discussion about package
subscribe by emailing sympa@lirmm.fr with 'subscribe <list> <firstname name>'
- Author: Christophe Fiorio (cfiorio@um2.fr)
********************************************************
\skiptotal=\skip51
\skiplinenumber=\skip52
\skiprule=\skip53
\skiphlne=\skip54
\skiptext=\skip55
\skiplength=\skip56
\algomargin=\skip57
\skipalgocfslide=\skip58
\algowidth=\dimen130
\inoutsize=\dimen131
\inoutindent=\dimen132
\interspacetitleruled=\dimen133
\interspacealgoruled=\dimen134
\interspacetitleboxruled=\dimen135
\algocf@inoutbox=\box28
\algocf@inputbox=\box29
\AlCapSkip=\skip59
\AlCapHSkip=\skip60
\algoskipindent=\skip61
\algocf@nlbox=\box30
\algocf@hangingbox=\box31
\algocf@untilbox=\box32
\algocf@skipuntil=\skip62
\algocf@capbox=\box33
\algoheightruledefault=\skip63
\algoheightrule=\skip64
\algotitleheightruledefault=\skip65
\algotitleheightrule=\skip66
\c@algocfline=\count112
\c@algocfproc=\count113
\c@algocf=\count114
\algocf@algoframe=\box34
\algocf@algobox=\box35
) ("D:\_Hoc tap_PUF\Subjects\M2\SRP_Study and research Project\Report\index.aux
")
LaTeX Font Info:    Checking defaults for OML/cmm/m/it on input line 8.
LaTeX Font Info:    ... okay on input line 8.
LaTeX Font Info:    Checking defaults for T1/cmr/m/n on input line 8.
LaTeX Font Info:    ... okay on input line 8.
LaTeX Font Info:    Checking defaults for OT1/cmr/m/n on input line 8.
LaTeX Font Info:    ... okay on input line 8.
LaTeX Font Info:    Checking defaults for OMS/cmsy/m/n on input line 8.
LaTeX Font Info:    ... okay on input line 8.
LaTeX Font Info:    Checking defaults for OMX/cmex/m/n on input line 8.
LaTeX Font Info:    ... okay on input line 8.
LaTeX Font Info:    Checking defaults for U/cmr/m/n on input line 8.
LaTeX Font Info:    ... okay on input line 8.

*geometry* driver: auto-detecting
*geometry* detected driver: pdftex
*geometry* verbose mode - [ preamble ] result:
* driver: pdftex
* paper: <default>
* layout: <same size as paper>
* layoutoffset:(h,v)=(0.0pt,0.0pt)
* modes: 
* h-part:(L,W,R)=(71.13188pt, 472.03123pt, 71.13188pt)
* v-part:(T,H,B)=(71.13188pt, 652.70622pt, 71.13188pt)
* \paperwidth=614.295pt
* \paperheight=794.96999pt
* \textwidth=472.03123pt
* \textheight=652.70622pt
* \oddsidemargin=-1.1381pt
* \evensidemargin=-1.1381pt
* \topmargin=-38.1381pt
* \headheight=12.0pt
* \headsep=25.0pt
* \topskip=10.0pt
* \footskip=30.0pt
* \marginparwidth=65.0pt
* \marginparsep=11.0pt
* \columnsep=10.0pt
* \skip\footins=9.0pt plus 4.0pt minus 2.0pt
* \hoffset=0.0pt
* \voffset=0.0pt
* \mag=1000
* \@twocolumnfalse
* \@twosidefalse
* \@mparswitchfalse
* \@reversemarginfalse
* (1in=72.27pt=25.4mm, 1cm=28.453pt)

Package caption Info: Begin \AtBeginDocument code.
Package caption Info: subfig package v1.3 is loaded.
Package caption Info: End \AtBeginDocument code.
("C:\Program Files\MiKTeX 2.9\tex\context\base\supp-pdf.mkii"
[Loading MPS to PDF converter (version 2006.09.02).]
\scratchcounter=\count115
\scratchdimen=\dimen136
\scratchbox=\box36
\nofMPsegments=\count116
\nofMParguments=\count117
\everyMPshowfont=\toks21
\MPscratchCnt=\count118
\MPscratchDim=\dimen137
\MPnumerator=\count119
\makeMPintoPDFobject=\count120
\everyMPtoPDFconversion=\toks22
)
("D:\_Hoc tap_PUF\Subjects\M2\SRP_Study and research Project\Report\includes\ab
stract.tex")
("D:\_Hoc tap_PUF\Subjects\M2\SRP_Study and research Project\Report\includes\in
tro.tex"
Underfull \hbox (badness 10000) in paragraph at lines 3--6

 []


Underfull \hbox (badness 10000) in paragraph at lines 3--6

 []

LaTeX Font Info:    Try loading font information for OMS+cmr on input line 7.
("C:\Program Files\MiKTeX 2.9\tex\latex\base\omscmr.fd"
File: omscmr.fd 1999/05/25 v2.5h Standard LaTeX font definitions
)
LaTeX Font Info:    Font shape `OMS/cmr/m/n' in size <10> not available
(Font)              Font shape `OMS/cmsy/m/n' tried instead on input line 7.

Overfull \hbox (1.52515pt too wide) in paragraph at lines 8--9
[]\OT1/cmr/m/n/10 Implement the al-go-rithm Breadth-first search (BFS): From th
e pre-vi-ous step, we im-ple-ment the Breadth-
 []

)
("D:\_Hoc tap_PUF\Subjects\M2\SRP_Study and research Project\Report\includes\de
finitions.tex"
Underfull \hbox (badness 10000) in paragraph at lines 3--18

 []

[1

{C:/ProgramData/MiKTeX/2.9/pdftex/config/pdftex.map}]
<./images/fan.png, id=18, 296.60812pt x 236.38312pt>
File: ./images/fan.png Graphic file (type png)
 <use ./images/fan.png>
Package pdftex.def Info: ./images/fan.png used on input line 27.
(pdftex.def)             Requested size: 188.8096pt x 150.47673pt.

<./images/fan_invert.png, id=20, 288.3272pt x 231.86626pt>
File: ./images/fan_invert.png Graphic file (type png)

<use ./images/fan_invert.png>
Package pdftex.def Info: ./images/fan_invert.png used on input line 38.
(pdftex.def)             Requested size: 165.2138pt x 132.86565pt.
 [2 <D:/_Hoc tap_PUF/Subjects/M2/SRP_Study and research Project/Report/images/f
an.png> <D:/_Hoc tap_PUF/Subjects/M2/SRP_Study and research Project/Report/imag
es/fan_invert.png>]
<./images/fan_rotation.png, id=26, 295.85532pt x 241.65282pt>
File: ./images/fan_rotation.png Graphic file (type png)

<use ./images/fan_rotation.png>
Package pdftex.def Info: ./images/fan_rotation.png used on input line 52.
(pdftex.def)             Requested size: 141.61081pt x 115.66754pt.

Overfull \hbox (30.40001pt too wide) detected at line 72
[][] 
 []


Underfull \hbox (badness 10000) in paragraph at lines 48--72

 []


Underfull \hbox (badness 10000) in paragraph at lines 48--72

 []


Underfull \hbox (badness 10000) in paragraph at lines 73--77

 []

[3 <D:/_Hoc tap_PUF/Subjects/M2/SRP_Study and research Project/Report/images/fa
n_rotation.png>] <./images/graph_ex1.png, id=33, 237.88875pt x 103.88812pt>
File: ./images/graph_ex1.png Graphic file (type png)

<use ./images/graph_ex1.png>
Package pdftex.def Info: ./images/graph_ex1.png used on input line 85.
(pdftex.def)             Requested size: 141.61081pt x 61.84511pt.

<./images/graph_ex2.png, id=34, 239.39438pt x 100.12407pt>
File: ./images/graph_ex2.png Graphic file (type png)

<use ./images/graph_ex2.png>
Package pdftex.def Info: ./images/graph_ex2.png used on input line 92.
(pdftex.def)             Requested size: 141.61081pt x 59.22697pt.

Underfull \hbox (badness 10000) in paragraph at lines 102--103

 []

<./images/graph_ex3.png, id=35, 236.38312pt x 104.64093pt>
File: ./images/graph_ex3.png Graphic file (type png)

<use ./images/graph_ex3.png>
Package pdftex.def Info: ./images/graph_ex3.png used on input line 106.
(pdftex.def)             Requested size: 165.2138pt x 73.13795pt.

<./images/graph_ex4.png, id=36, 252.945pt x 103.88812pt>
File: ./images/graph_ex4.png Graphic file (type png)

<use ./images/graph_ex4.png>
Package pdftex.def Info: ./images/graph_ex4.png used on input line 107.
(pdftex.def)             Requested size: 165.2138pt x 67.85619pt.
)
("D:\_Hoc tap_PUF\Subjects\M2\SRP_Study and research Project\Report\includes\sp
ecifications.tex" [4 <D:/_Hoc tap_PUF/Subjects/M2/SRP_Study and research Projec
t/Report/images/graph_ex1.png> <D:/_Hoc tap_PUF/Subjects/M2/SRP_Study and resea
rch Project/Report/images/graph_ex2.png> <D:/_Hoc tap_PUF/Subjects/M2/SRP_Study
 and research Project/Report/images/graph_ex3.png> <D:/_Hoc tap_PUF/Subjects/M2
/SRP_Study and research Project/Report/images/graph_ex4.png>])
("D:\_Hoc tap_PUF\Subjects\M2\SRP_Study and research Project\Report\includes\me
thods.tex" <./images/class_diagram.png, id=47, 403.5075pt x 243.91125pt>
File: ./images/class_diagram.png Graphic file (type png)

<use ./images/class_diagram.png>
Package pdftex.def Info: ./images/class_diagram.png used on input line 5.
(pdftex.def)             Requested size: 236.01561pt x 142.66702pt.
 [5 <D:/_Hoc tap_PUF/Subjects/M2/SRP_Study and research Project/Report/images/c
lass_diagram.png>]
LaTeX Font Info:    Try loading font information for OML+cmr on input line 50.

("C:\Program Files\MiKTeX 2.9\tex\latex\base\omlcmr.fd"
File: omlcmr.fd 1999/05/25 v2.5h Standard LaTeX font definitions
)
LaTeX Font Info:    Font shape `OML/cmr/m/it' in size <10> not available
(Font)              Font shape `OML/cmm/m/it' tried instead on input line 50.
)
("D:\_Hoc tap_PUF\Subjects\M2\SRP_Study and research Project\Report\includes\re
sult.tex" <./images/graph_1.png, id=52, 602.25pt x 526.96875pt>
File: ./images/graph_1.png Graphic file (type png)

<use ./images/graph_1.png>
Package pdftex.def Info: ./images/graph_1.png used on input line 7.
(pdftex.def)             Requested size: 141.61081pt x 123.91003pt.

<./images/graph_2.png, id=53, 602.25pt x 526.96875pt>
File: ./images/graph_2.png Graphic file (type png)

<use ./images/graph_2.png>
Package pdftex.def Info: ./images/graph_2.png used on input line 8.
(pdftex.def)             Requested size: 141.61081pt x 123.91003pt.

<./images/graph_3.png, id=54, 602.25pt x 526.96875pt>
File: ./images/graph_3.png Graphic file (type png)

<use ./images/graph_3.png>
Package pdftex.def Info: ./images/graph_3.png used on input line 9.
(pdftex.def)             Requested size: 141.61081pt x 123.91003pt.
 <./images/BFS_1.png, id=55, 602.25pt x 526.96875pt>
File: ./images/BFS_1.png Graphic file (type png)

<use ./images/BFS_1.png>
Package pdftex.def Info: ./images/BFS_1.png used on input line 18.
(pdftex.def)             Requested size: 165.2138pt x 144.55902pt.
 <./images/BFS_2.png, id=56, 602.25pt x 526.96875pt>
File: ./images/BFS_2.png Graphic file (type png)

<use ./images/BFS_2.png>
Package pdftex.def Info: ./images/BFS_2.png used on input line 19.
(pdftex.def)             Requested size: 165.2138pt x 144.55902pt.

<./images/edge_coloring_1.png, id=57, 602.25pt x 526.96875pt>
File: ./images/edge_coloring_1.png Graphic file (type png)

<use ./images/edge_coloring_1.png>
Package pdftex.def Info: ./images/edge_coloring_1.png used on input line 28.
(pdftex.def)             Requested size: 165.2138pt x 144.55902pt.

<./images/edge_coloring_2.png, id=58, 545.78906pt x 491.58656pt>
File: ./images/edge_coloring_2.png Graphic file (type png)

<use ./images/edge_coloring_2.png>
Package pdftex.def Info: ./images/edge_coloring_2.png used on input line 29.
(pdftex.def)             Requested size: 165.2138pt x 148.80478pt.

Underfull \hbox (badness 10000) in paragraph at lines 2--34

 []

[6]

LaTeX Warning: `!h' float specifier changed to `!ht'.

[7 <D:/_Hoc tap_PUF/Subjects/M2/SRP_Study and research Project/Report/images/gr
aph_1.png> <D:/_Hoc tap_PUF/Subjects/M2/SRP_Study and research Project/Report/i
mages/graph_2.png> <D:/_Hoc tap_PUF/Subjects/M2/SRP_Study and research Project/
Report/images/graph_3.png> <D:/_Hoc tap_PUF/Subjects/M2/SRP_Study and research 
Project/Report/images/BFS_1.png> <D:/_Hoc tap_PUF/Subjects/M2/SRP_Study and res
earch Project/Report/images/BFS_2.png>])
("D:\_Hoc tap_PUF\Subjects\M2\SRP_Study and research Project\Report\includes\re
ference.tex"
("D:\_Hoc tap_PUF\Subjects\M2\SRP_Study and research Project\Report\index.bbl")
) [8 <D:/_Hoc tap_PUF/Subjects/M2/SRP_Study and research Project/Report/images/
edge_coloring_1.png> <D:/_Hoc tap_PUF/Subjects/M2/SRP_Study and research Projec
t/Report/images/edge_coloring_2.png>]
("D:\_Hoc tap_PUF\Subjects\M2\SRP_Study and research Project\Report\index.aux")
 ) 
Here is how much of TeX's memory you used:
 4989 strings out of 493921
 74505 string characters out of 3147273
 161060 words of memory out of 3000000
 8216 multiletter control sequences out of 15000+200000
 10277 words of font info for 37 fonts, out of 3000000 for 9000
 841 hyphenation exceptions out of 8191
 44i,12n,47p,612b,362s stack positions out of 5000i,500n,10000p,200000b,50000s
<C:/Program Files/MiKTeX 2.9/fonts/type1/public/amsfonts/cm/cmbx10.pfb><C:/Pr
ogram Files/MiKTeX 2.9/fonts/type1/public/amsfonts/cm/cmbx12.pfb><C:/Program Fi
les/MiKTeX 2.9/fonts/type1/public/amsfonts/cm/cmbx9.pfb><C:/Program Files/MiKTe
X 2.9/fonts/type1/public/amsfonts/cm/cmcsc10.pfb><C:/Program Files/MiKTeX 2.9/f
onts/type1/public/amsfonts/cm/cmmi10.pfb><C:/Program Files/MiKTeX 2.9/fonts/typ
e1/public/amsfonts/cm/cmmi7.pfb><C:/Program Files/MiKTeX 2.9/fonts/type1/public
/amsfonts/cm/cmmi8.pfb><C:/Program Files/MiKTeX 2.9/fonts/type1/public/amsfonts
/cm/cmr10.pfb><C:/Program Files/MiKTeX 2.9/fonts/type1/public/amsfonts/cm/cmr12
.pfb><C:/Program Files/MiKTeX 2.9/fonts/type1/public/amsfonts/cm/cmr17.pfb><C:/
Program Files/MiKTeX 2.9/fonts/type1/public/amsfonts/cm/cmr6.pfb><C:/Program Fi
les/MiKTeX 2.9/fonts/type1/public/amsfonts/cm/cmr7.pfb><C:/Program Files/MiKTeX
 2.9/fonts/type1/public/amsfonts/cm/cmr8.pfb><C:/Program Files/MiKTeX 2.9/fonts
/type1/public/amsfonts/cm/cmr9.pfb><C:/Program Files/MiKTeX 2.9/fonts/type1/pub
lic/amsfonts/cm/cmsy10.pfb><C:/Program Files/MiKTeX 2.9/fonts/type1/public/amsf
onts/cm/cmsy5.pfb><C:/Program Files/MiKTeX 2.9/fonts/type1/public/amsfonts/cm/c
msy7.pfb><C:/Program Files/MiKTeX 2.9/fonts/type1/public/amsfonts/cm/cmti10.pfb
>
Output written on index.pdf (8 pages, 670695 bytes).
PDF statistics:
 125 PDF objects out of 1000 (max. 8388607)
 0 named destinations out of 1000 (max. 500000)
 76 words of extra memory for PDF output out of 10000 (max. 10000000)

